Arguments: 
  /Users/kirk/.nvm/versions/node/v14.16.1/bin/node /Users/kirk/.nvm/versions/node/v14.16.1/bin/yarn

PATH: 
  /Users/kirk/.sdkman/candidates/spark/current/bin:/Users/kirk/.sdkman/candidates/micronaut/current/bin:/Users/kirk/.sdkman/candidates/maven/current/bin:/Users/kirk/.sdkman/candidates/kotlin/current/bin:/Users/kirk/.sdkman/candidates/java/current/bin:/Users/kirk/.sdkman/candidates/groovy/current/bin:/Users/kirk/.sdkman/candidates/grails/current/bin:/Users/kirk/.sdkman/candidates/gradle/current/bin:/Users/kirk/.sdkman/candidates/ant/current/bin:./bin:/usr/local/bin:/usr/local/sbin:/Users/kirk/.dotfiles/bin:/usr/local/anaconda3/condabin:/Users/kirk/.local/bin:/Users/kirk/Library/Python/3.9/bin:/usr/local/opt/python@3.9/libexec/bin:/Library/TeX/texbin:/Users/kirk/Library/PackageManager/bin:/Users/kirk/s/projects/go/bin:/Users/kirk/.emacs.d/bin:/Users/kirk/.nvm/versions/node/v14.16.1/bin:/usr/local/bin:/usr/bin:/bin:/usr/sbin:/sbin:/Library/TeX/texbin:/usr/local/MacGPG2/bin:/usr/local/share/dotnet:/opt/X11/bin:~/.dotnet/tools:/Library/Apple/usr/bin:/Applications/Wireshark.app/Contents/MacOS:/Users/kirk/.cargo/bin:/Users/kirk/s/oss/connect-dynamodb/node_modules/.bin:/Users/kirk/s/projects/oss/micronaut/micronaut-core/cli/build/bin

Yarn version: 
  1.22.11

Node version: 
  14.16.1

Platform: 
  darwin x64

Trace: 
  SyntaxError: /Users/kirk/s/oss/connect-dynamodb/package.json: Unexpected token } in JSON at position 1380
      at JSON.parse (<anonymous>)
      at /Users/kirk/.nvm/versions/node/v14.16.1/lib/node_modules/yarn/lib/cli.js:1625:59
      at Generator.next (<anonymous>)
      at step (/Users/kirk/.nvm/versions/node/v14.16.1/lib/node_modules/yarn/lib/cli.js:310:30)
      at /Users/kirk/.nvm/versions/node/v14.16.1/lib/node_modules/yarn/lib/cli.js:321:13

npm manifest: 
  {
    "name": "@samuraitruong/connect-dynamodb",
    "description": "DynamoDB session store for Connect",
    "version": "2.2.0",
    "author": "Mike Carson <ca98am79@gmail.com> (http://ca98am79.com), samuraitruong@hotmail.com",
    "main": "./dist/index.js",
    "typings": "./dist/index.d.ts",
    "scripts": {
      "lint": "eslint . --fix",
      "test": "jest --forceExit",
      "prepublish": "npm run build",
      "release": "standard-version",
      "build": "tsc -p tsconfig.build.json",
      "prepare": "husky install"
    },
    "dependencies": {
      "connect": "*"
    },
    "devDependencies": {
      "@commitlint/cli": "^12.1.4",
      "@commitlint/config-conventional": "^12.1.4",
      "@types/express": "^4.17.12",
      "@types/express-session": "^1.17.3",
      "@types/jest": "^26.0.23",
      "@types/node": "^15.12.5",
      "@types/supertest": "^2.0.11",
      "@typescript-eslint/eslint-plugin": "^4.28.0",
      "@typescript-eslint/parser": "^4.28.0",
      "eslint": "^7.29.0",
      "eslint-plugin-jest": "^24.3.6",
      "express": "^4.17.1",
      "express-session": "^1.17.2",
      "husky": "^6.0.0",
      "jest": "^27.0.5",
      "lint-staged": "^11.0.0",
      "standard-version": "^9.3.0",
      "supertest": "^6.1.3",
      "ts-jest": "^27.0.3",
      "typescript": "^4.3.4",
      "@aws-sdk/types": "^3.0.0"
    },
    "engines": {
      "node": "*"
    },
    "optionalDependencies": {
      "@aws-sdk/client-dynamodb": "*",
    },
    "homepage": "https://github.com/samuraitruong/connect-dynamodb",
    "repository": {
      "type": "git",
      "url": "git://github.com/samuraitruong/connect-dynamodb.git"
    },
    "lint-staged": {
      "*.ts": "eslint --cache --fix"
    }
  }

yarn manifest: 
  No manifest

Lockfile: 
  No lockfile
